0 info it worked if it ends with ok
1 verbose cli [ 'C:\\Program Files\\nodejs\\node.exe',
1 verbose cli   'C:\\Program Files\\nodejs\\node_modules\\npm\\bin\\npm-cli.js',
1 verbose cli   'install',
1 verbose cli   'sync-prompt' ]
2 info using npm@3.10.10
3 info using node@v6.10.3
4 silly loadCurrentTree Starting
5 silly install loadCurrentTree
6 silly install readLocalPackageData
7 silly fetchPackageMetaData sync-prompt
8 silly fetchNamedPackageData sync-prompt
9 silly mapToRegistry name sync-prompt
10 silly mapToRegistry using default registry
11 silly mapToRegistry registry https://registry.npmjs.org/
12 silly mapToRegistry data Result {
12 silly mapToRegistry   raw: 'sync-prompt',
12 silly mapToRegistry   scope: null,
12 silly mapToRegistry   escapedName: 'sync-prompt',
12 silly mapToRegistry   name: 'sync-prompt',
12 silly mapToRegistry   rawSpec: '',
12 silly mapToRegistry   spec: 'latest',
12 silly mapToRegistry   type: 'tag' }
13 silly mapToRegistry uri https://registry.npmjs.org/sync-prompt
14 verbose request uri https://registry.npmjs.org/sync-prompt
15 verbose request no auth needed
16 info attempt registry request try #1 at 4:19:23 PM
17 verbose request id 347b586e14951b65
18 http request GET https://registry.npmjs.org/sync-prompt
19 http 200 https://registry.npmjs.org/sync-prompt
20 verbose headers { server: 'nginx/1.10.1',
20 verbose headers   'content-type': 'application/json',
20 verbose headers   'last-modified': 'Sun, 08 Mar 2015 01:12:30 GMT',
20 verbose headers   etag: 'W/"54fba1fe-547f"',
20 verbose headers   'content-encoding': 'gzip',
20 verbose headers   'cache-control': 'max-age=300',
20 verbose headers   'content-length': '3180',
20 verbose headers   'accept-ranges': 'bytes',
20 verbose headers   date: 'Mon, 08 May 2017 20:18:42 GMT',
20 verbose headers   via: '1.1 varnish',
20 verbose headers   age: '0',
20 verbose headers   connection: 'keep-alive',
20 verbose headers   'x-served-by': 'cache-mia1325-MIA',
20 verbose headers   'x-cache': 'MISS',
20 verbose headers   'x-cache-hits': '0',
20 verbose headers   'x-timer': 'S1494274721.272052,VS0,VE1435',
20 verbose headers   vary: 'Accept-Encoding' }
21 silly get cb [ 200,
21 silly get   { server: 'nginx/1.10.1',
21 silly get     'content-type': 'application/json',
21 silly get     'last-modified': 'Sun, 08 Mar 2015 01:12:30 GMT',
21 silly get     etag: 'W/"54fba1fe-547f"',
21 silly get     'content-encoding': 'gzip',
21 silly get     'cache-control': 'max-age=300',
21 silly get     'content-length': '3180',
21 silly get     'accept-ranges': 'bytes',
21 silly get     date: 'Mon, 08 May 2017 20:18:42 GMT',
21 silly get     via: '1.1 varnish',
21 silly get     age: '0',
21 silly get     connection: 'keep-alive',
21 silly get     'x-served-by': 'cache-mia1325-MIA',
21 silly get     'x-cache': 'MISS',
21 silly get     'x-cache-hits': '0',
21 silly get     'x-timer': 'S1494274721.272052,VS0,VE1435',
21 silly get     vary: 'Accept-Encoding' } ]
22 verbose get saving sync-prompt to C:\Users\Rant\AppData\Roaming\npm-cache\registry.npmjs.org\sync-prompt\.cache.json
23 verbose correctMkdir C:\Users\Rant\AppData\Roaming\npm-cache correctMkdir not in flight; initializing
24 silly install normalizeTree
25 silly loadCurrentTree Finishing
26 silly loadIdealTree Starting
27 silly install loadIdealTree
28 silly cloneCurrentTree Starting
29 silly install cloneCurrentTreeToIdealTree
30 silly cloneCurrentTree Finishing
31 silly loadShrinkwrap Starting
32 silly install loadShrinkwrap
33 silly loadShrinkwrap Finishing
34 silly loadAllDepsIntoIdealTree Starting
35 silly install loadAllDepsIntoIdealTree
36 silly resolveWithNewModule sync-prompt@0.4.2 checking installable status
37 silly cache add args [ 'sync-prompt', null ]
38 verbose cache add spec sync-prompt
39 silly cache add parsed spec Result {
39 silly cache add   raw: 'sync-prompt',
39 silly cache add   scope: null,
39 silly cache add   escapedName: 'sync-prompt',
39 silly cache add   name: 'sync-prompt',
39 silly cache add   rawSpec: '',
39 silly cache add   spec: 'latest',
39 silly cache add   type: 'tag' }
40 silly addNamed sync-prompt@latest
41 verbose addNamed "latest" is being treated as a dist-tag for sync-prompt
42 info addNameTag [ 'sync-prompt', 'latest' ]
43 silly mapToRegistry name sync-prompt
44 silly mapToRegistry using default registry
45 silly mapToRegistry registry https://registry.npmjs.org/
46 silly mapToRegistry data Result {
46 silly mapToRegistry   raw: 'sync-prompt',
46 silly mapToRegistry   scope: null,
46 silly mapToRegistry   escapedName: 'sync-prompt',
46 silly mapToRegistry   name: 'sync-prompt',
46 silly mapToRegistry   rawSpec: '',
46 silly mapToRegistry   spec: 'latest',
46 silly mapToRegistry   type: 'tag' }
47 silly mapToRegistry uri https://registry.npmjs.org/sync-prompt
48 verbose addNameTag registry:https://registry.npmjs.org/sync-prompt not in flight; fetching
49 verbose get https://registry.npmjs.org/sync-prompt not expired, no request
50 silly addNameTag next cb for sync-prompt with tag latest
51 silly addNamed sync-prompt@0.4.2
52 verbose addNamed "0.4.2" is a plain semver version for sync-prompt
53 silly mapToRegistry name sync-prompt
54 silly mapToRegistry using default registry
55 silly mapToRegistry registry https://registry.npmjs.org/
56 silly mapToRegistry data Result {
56 silly mapToRegistry   raw: 'sync-prompt',
56 silly mapToRegistry   scope: null,
56 silly mapToRegistry   escapedName: 'sync-prompt',
56 silly mapToRegistry   name: 'sync-prompt',
56 silly mapToRegistry   rawSpec: '',
56 silly mapToRegistry   spec: 'latest',
56 silly mapToRegistry   type: 'tag' }
57 silly mapToRegistry uri https://registry.npmjs.org/sync-prompt
58 verbose addRemoteTarball https://registry.npmjs.org/sync-prompt/-/sync-prompt-0.4.2.tgz not in flight; adding
59 verbose addRemoteTarball [ 'https://registry.npmjs.org/sync-prompt/-/sync-prompt-0.4.2.tgz',
59 verbose addRemoteTarball   '9bf28c298dbd362189713087c277b4e903aaf371' ]
60 info retry fetch attempt 1 at 4:19:25 PM
61 info attempt registry request try #1 at 4:19:25 PM
62 http fetch GET https://registry.npmjs.org/sync-prompt/-/sync-prompt-0.4.2.tgz
63 http fetch 406 https://registry.npmjs.org/sync-prompt/-/sync-prompt-0.4.2.tgz
64 error fetch failed https://registry.npmjs.org/sync-prompt/-/sync-prompt-0.4.2.tgz
65 warn retry will retry, error on last attempt: Error: fetch failed with status code 406
66 info retry fetch attempt 2 at 4:19:51 PM
67 info attempt registry request try #1 at 4:19:51 PM
68 http fetch GET https://registry.npmjs.org/sync-prompt/-/sync-prompt-0.4.2.tgz
69 http fetch 200 https://registry.npmjs.org/sync-prompt/-/sync-prompt-0.4.2.tgz
70 silly fetchAndShaCheck shasum 9bf28c298dbd362189713087c277b4e903aaf371
71 verbose addTmpTarball C:\Users\Rant\AppData\Local\Temp\npm-6580-8f2aeb39\registry.npmjs.org\sync-prompt\-\sync-prompt-0.4.2.tgz not in flight; adding
72 verbose addTmpTarball already have metadata; skipping unpack for sync-prompt@0.4.2
73 verbose correctMkdir C:\Users\Rant\AppData\Roaming\npm-cache correctMkdir not in flight; initializing
74 silly cache afterAdd sync-prompt@0.4.2
75 verbose afterAdd C:\Users\Rant\AppData\Roaming\npm-cache\sync-prompt\0.4.2\package\package.json not in flight; writing
76 verbose correctMkdir C:\Users\Rant\AppData\Roaming\npm-cache correctMkdir not in flight; initializing
77 verbose afterAdd C:\Users\Rant\AppData\Roaming\npm-cache\sync-prompt\0.4.2\package\package.json written
78 silly loadAllDepsIntoIdealTree Finishing
79 silly loadIdealTree Finishing
80 silly currentTree hello-world
80 silly currentTree +-- async@0.9.2
80 silly currentTree +-- balanced-match@0.4.2
80 silly currentTree +-- brace-expansion@1.1.7
80 silly currentTree +-- colors@1.1.2
80 silly currentTree +-- concat-map@0.0.1
80 silly currentTree +-- cycle@1.0.3
80 silly currentTree +-- deep-equal@0.2.2
80 silly currentTree +-- eyes@0.1.8
80 silly currentTree +-- fs.realpath@1.0.0
80 silly currentTree +-- glob@7.1.1
80 silly currentTree +-- i@0.3.5
80 silly currentTree +-- inflight@1.0.6
80 silly currentTree +-- inherits@2.0.3
80 silly currentTree +-- isstream@0.1.2
80 silly currentTree +-- minimatch@3.0.4
80 silly currentTree +-- minimist@0.0.8
80 silly currentTree +-- mkdirp@0.5.1
80 silly currentTree +-- mute-stream@0.0.7
80 silly currentTree +-- ncp@1.0.1
80 silly currentTree +-- once@1.4.0
80 silly currentTree +-- path-is-absolute@1.0.1
80 silly currentTree +-- pkginfo@0.4.0
80 silly currentTree +-- prompt@1.0.0
80 silly currentTree +-- read@1.0.7
80 silly currentTree +-- revalidator@0.1.8
80 silly currentTree +-- rimraf@2.6.1
80 silly currentTree +-- stack-trace@0.0.9
80 silly currentTree +-- utile@0.3.0
80 silly currentTree +-- winston@2.1.1
80 silly currentTree | +-- async@1.0.0
80 silly currentTree | +-- colors@1.0.3
80 silly currentTree | `-- pkginfo@0.3.1
80 silly currentTree `-- wrappy@1.0.2
81 silly idealTree hello-world
81 silly idealTree +-- async@0.9.2
81 silly idealTree +-- balanced-match@0.4.2
81 silly idealTree +-- brace-expansion@1.1.7
81 silly idealTree +-- colors@1.1.2
81 silly idealTree +-- concat-map@0.0.1
81 silly idealTree +-- cycle@1.0.3
81 silly idealTree +-- deep-equal@0.2.2
81 silly idealTree +-- eyes@0.1.8
81 silly idealTree +-- fs.realpath@1.0.0
81 silly idealTree +-- glob@7.1.1
81 silly idealTree +-- i@0.3.5
81 silly idealTree +-- inflight@1.0.6
81 silly idealTree +-- inherits@2.0.3
81 silly idealTree +-- isstream@0.1.2
81 silly idealTree +-- minimatch@3.0.4
81 silly idealTree +-- minimist@0.0.8
81 silly idealTree +-- mkdirp@0.5.1
81 silly idealTree +-- mute-stream@0.0.7
81 silly idealTree +-- ncp@1.0.1
81 silly idealTree +-- once@1.4.0
81 silly idealTree +-- path-is-absolute@1.0.1
81 silly idealTree +-- pkginfo@0.4.0
81 silly idealTree +-- prompt@1.0.0
81 silly idealTree +-- read@1.0.7
81 silly idealTree +-- revalidator@0.1.8
81 silly idealTree +-- rimraf@2.6.1
81 silly idealTree +-- stack-trace@0.0.9
81 silly idealTree +-- sync-prompt@0.4.2
81 silly idealTree +-- utile@0.3.0
81 silly idealTree +-- winston@2.1.1
81 silly idealTree | +-- async@1.0.0
81 silly idealTree | +-- colors@1.0.3
81 silly idealTree | `-- pkginfo@0.3.1
81 silly idealTree `-- wrappy@1.0.2
82 silly generateActionsToTake Starting
83 silly install generateActionsToTake
84 silly generateActionsToTake Finishing
85 silly diffTrees action count 1
86 silly diffTrees add sync-prompt@0.4.2
87 silly decomposeActions action count 8
88 silly decomposeActions fetch sync-prompt@0.4.2
89 silly decomposeActions extract sync-prompt@0.4.2
90 silly decomposeActions test sync-prompt@0.4.2
91 silly decomposeActions preinstall sync-prompt@0.4.2
92 silly decomposeActions build sync-prompt@0.4.2
93 silly decomposeActions install sync-prompt@0.4.2
94 silly decomposeActions postinstall sync-prompt@0.4.2
95 silly decomposeActions finalize sync-prompt@0.4.2
96 silly runTopLevelLifecycles Starting
97 silly executeActions Starting
98 silly install executeActions
99 silly doSerial global-install 0
100 silly doParallel fetch 1
101 verbose correctMkdir C:\Users\Rant\AppData\Roaming\npm-cache\_locks correctMkdir not in flight; initializing
102 verbose lock using C:\Users\Rant\AppData\Roaming\npm-cache\_locks\staging-2a8448fd52a33082.lock for X:\hello-world\node_modules\.staging
103 silly doParallel extract 1
104 silly extract sync-prompt@0.4.2
105 verbose unbuild node_modules\.staging\sync-prompt-815643b2
106 silly gentlyRm X:\hello-world\node_modules\.staging\sync-prompt-815643b2 is being purged from base X:\hello-world
107 verbose gentlyRm don't care about contents; nuking X:\hello-world\node_modules\.staging\sync-prompt-815643b2
108 verbose tar unpack C:\Users\Rant\AppData\Roaming\npm-cache\sync-prompt\0.4.2\package.tgz
109 verbose tar unpacking to X:\hello-world\node_modules\.staging\sync-prompt-815643b2
110 silly gentlyRm X:\hello-world\node_modules\.staging\sync-prompt-815643b2 is being purged
111 verbose gentlyRm don't care about contents; nuking X:\hello-world\node_modules\.staging\sync-prompt-815643b2
112 silly gunzTarPerm modes [ '777', '666' ]
113 silly gunzTarPerm extractEntry package.json
114 silly gunzTarPerm modified mode [ 'package.json', 420, 438 ]
115 silly gunzTarPerm extractEntry .npmignore
116 silly gunzTarPerm modified mode [ '.npmignore', 420, 438 ]
117 silly gunzTarPerm extractEntry README.md
118 silly gunzTarPerm modified mode [ 'README.md', 420, 438 ]
119 silly gunzTarPerm extractEntry LICENSE
120 silly gunzTarPerm modified mode [ 'LICENSE', 420, 438 ]
121 silly gunzTarPerm extractEntry test.js
122 silly gunzTarPerm modified mode [ 'test.js', 420, 438 ]
123 silly gunzTarPerm extractEntry HISTORY.md
124 silly gunzTarPerm modified mode [ 'HISTORY.md', 420, 438 ]
125 silly gunzTarPerm extractEntry binding.gyp
126 silly gunzTarPerm modified mode [ 'binding.gyp', 420, 438 ]
127 silly gunzTarPerm extractEntry lib/sync-prompt.js
128 silly gunzTarPerm modified mode [ 'lib/sync-prompt.js', 420, 438 ]
129 silly gunzTarPerm extractEntry src/sync_prompt.cc
130 silly gunzTarPerm modified mode [ 'src/sync_prompt.cc', 420, 438 ]
131 silly gentlyRm X:\hello-world\node_modules\.staging\sync-prompt-815643b2\node_modules is being purged
132 verbose gentlyRm don't care about contents; nuking X:\hello-world\node_modules\.staging\sync-prompt-815643b2\node_modules
133 silly doParallel preinstall 1
134 silly preinstall sync-prompt@0.4.2 X:\hello-world\node_modules\.staging\sync-prompt-815643b2
135 info lifecycle sync-prompt@0.4.2~preinstall: sync-prompt@0.4.2
136 silly lifecycle sync-prompt@0.4.2~preinstall: no script for preinstall, continuing
137 silly doReverseSerial remove 0
138 silly doSerial move 0
139 silly doSerial finalize 1
140 silly finalize X:\hello-world\node_modules\sync-prompt
141 silly doSerial build 1
142 silly build sync-prompt@0.4.2
143 info linkStuff sync-prompt@0.4.2
144 silly linkStuff sync-prompt@0.4.2 has X:\hello-world\node_modules as its parent node_modules
145 verbose linkBins sync-prompt@0.4.2
146 verbose linkMans sync-prompt@0.4.2
147 silly doSerial global-link 0
148 silly doParallel update-linked 0
149 silly doSerial install 1
150 silly install sync-prompt@0.4.2 X:\hello-world\node_modules\.staging\sync-prompt-815643b2
151 info lifecycle sync-prompt@0.4.2~install: sync-prompt@0.4.2
152 verbose lifecycle sync-prompt@0.4.2~install: unsafe-perm in lifecycle true
153 verbose lifecycle sync-prompt@0.4.2~install: PATH: C:\Program Files\nodejs\node_modules\npm\bin\node-gyp-bin;X:\hello-world\node_modules\sync-prompt\node_modules\.bin;X:\hello-world\node_modules\.bin;C:\Program Files (x86)\Intel\iCLS Client\;C:\Program Files\Intel\iCLS Client\;C:\WINDOWS\system32;C:\WINDOWS;C:\WINDOWS\System32\Wbem;C:\WINDOWS\System32\WindowsPowerShell\v1.0\;C:\Program Files (x86)\Intel\Intel(R) Management Engine Components\DAL;C:\Program Files\Intel\Intel(R) Management Engine Components\DAL;C:\Program Files (x86)\Intel\Intel(R) Management Engine Components\IPT;C:\Program Files\Intel\Intel(R) Management Engine Components\IPT;C:\Program Files\Git\cmd;C:\Program Files\nodejs\;C:\Users\Rant\AppData\Local\Microsoft\WindowsApps;;C:\Program Files (x86)\Microsoft VS Code\bin;C:\Users\Rant\AppData\Roaming\npm
154 verbose lifecycle sync-prompt@0.4.2~install: CWD: X:\hello-world\node_modules\sync-prompt
155 silly lifecycle sync-prompt@0.4.2~install: Args: [ '/d /s /c', 'node-gyp rebuild' ]
156 silly lifecycle sync-prompt@0.4.2~install: Returned: code: 1  signal: null
157 info lifecycle sync-prompt@0.4.2~install: Failed to exec install script
158 verbose unlock done using C:\Users\Rant\AppData\Roaming\npm-cache\_locks\staging-2a8448fd52a33082.lock for X:\hello-world\node_modules\.staging
159 silly rollbackFailedOptional Starting
160 silly rollbackFailedOptional Finishing
161 silly runTopLevelLifecycles Finishing
162 silly install printInstalled
163 warn enoent ENOENT: no such file or directory, open 'X:\hello-world\package.json'
164 verbose enoent ENOENT: no such file or directory, open 'X:\hello-world\package.json'
164 verbose enoent This is most likely not a problem with npm itself
164 verbose enoent and is related to npm not being able to find a file.
165 warn hello-world No description
166 verbose If you need help, you may report this error at:
166 verbose     <https://github.com/npm/npm/issues>
167 warn hello-world No repository field.
168 verbose If you need help, you may report this error at:
168 verbose     <https://github.com/npm/npm/issues>
169 warn hello-world No README data
170 verbose If you need help, you may report this error at:
170 verbose     <https://github.com/npm/npm/issues>
171 warn hello-world No license field.
172 verbose If you need help, you may report this error at:
172 verbose     <https://github.com/npm/npm/issues>
173 verbose stack Error: sync-prompt@0.4.2 install: `node-gyp rebuild`
173 verbose stack Exit status 1
173 verbose stack     at EventEmitter.<anonymous> (C:\Program Files\nodejs\node_modules\npm\lib\utils\lifecycle.js:255:16)
173 verbose stack     at emitTwo (events.js:106:13)
173 verbose stack     at EventEmitter.emit (events.js:191:7)
173 verbose stack     at ChildProcess.<anonymous> (C:\Program Files\nodejs\node_modules\npm\lib\utils\spawn.js:40:14)
173 verbose stack     at emitTwo (events.js:106:13)
173 verbose stack     at ChildProcess.emit (events.js:191:7)
173 verbose stack     at maybeClose (internal/child_process.js:886:16)
173 verbose stack     at Process.ChildProcess._handle.onexit (internal/child_process.js:226:5)
174 verbose pkgid sync-prompt@0.4.2
175 verbose cwd X:\hello-world
176 error Windows_NT 10.0.14393
177 error argv "C:\\Program Files\\nodejs\\node.exe" "C:\\Program Files\\nodejs\\node_modules\\npm\\bin\\npm-cli.js" "install" "sync-prompt"
178 error node v6.10.3
179 error npm  v3.10.10
180 error code ELIFECYCLE
181 error sync-prompt@0.4.2 install: `node-gyp rebuild`
181 error Exit status 1
182 error Failed at the sync-prompt@0.4.2 install script 'node-gyp rebuild'.
182 error Make sure you have the latest version of node.js and npm installed.
182 error If you do, this is most likely a problem with the sync-prompt package,
182 error not with npm itself.
182 error Tell the author that this fails on your system:
182 error     node-gyp rebuild
182 error You can get information on how to open an issue for this project with:
182 error     npm bugs sync-prompt
182 error Or if that isn't available, you can get their info via:
182 error     npm owner ls sync-prompt
182 error There is likely additional logging output above.
183 verbose exit [ 1, true ]
